<?xml version="1.0" encoding="UTF-8"?>
<testsuite xmlns:xsi="http://www.w3.org/2001/XMLSchema-instance" xsi:noNamespaceSchemaLocation="https://maven.apache.org/surefire/maven-surefire-plugin/xsd/surefire-test-report-3.0.xsd" version="3.0" name="cucumber.options.RunnerTest" time="7.146" tests="2" errors="0" skipped="0" failures="0">
  <properties>
[...]
</properties>
  <testcase name="Verify if the place is being Successfully added using AddPlaceAPI" classname="Validating Place API&apos;s" time="5.167">
    <system-out><![CDATA[======>{"status":"OK","place_id":"6522ce3a8a1377a516c2cd1eb0211005","scope":"APP","reference":"6cad838a88723401a08095e11a0901d96cad838a88723401a08095e11a0901d9","id":"6cad838a88723401a08095e11a0901d9"}
======>{"status":"OK","place_id":"6522ce3a8a1377a516c2cd1eb0211005","scope":"APP","reference":"6cad838a88723401a08095e11a0901d96cad838a88723401a08095e11a0901d9","id":"6cad838a88723401a08095e11a0901d9"}
======>{"location":{"latitude":"-38.383494","longitude":"33.427362"},"accuracy":"50","name":"sana","phone_number":"(+91) 983 893 3937","address":"dubai, vivekanandar theru","types":"shoe park,shop","website":"http:\/\/google.com","language":"English"}
]]></system-out>
  </testcase>
  <testcase name="Verify if the place is being Successfully deleted using deletePlace" classname="Validating Place API&apos;s" time="1.567">
    <system-out><![CDATA[======>{"status":"OK"}
]]></system-out>
  </testcase>
</testsuite>