<?xml version="1.0" encoding="UTF-8"?>
<testng-results ignored="0" total="2" passed="2" failed="0" skipped="0">
  <reporter-output>
  </reporter-output>
  <suite started-at="2023-03-02T15:18:02 CST" name="Suite" finished-at="2023-03-02T15:18:41 CST" duration-ms="39205">
    <groups>
    </groups>
    <test started-at="2023-03-02T15:18:02 CST" name="Test" finished-at="2023-03-02T15:18:41 CST" duration-ms="39205">
      <class name="com.leaftaps.ui.testCases.CreateLeadTestCase">
        <test-method is-config="true" signature="setData()[pri:0, instance:com.leaftaps.ui.testCases.CreateLeadTestCase@248e319b]" started-at="2023-03-02T15:18:02 CST" name="setData" finished-at="2023-03-02T15:18:02 CST" duration-ms="11" status="PASS">
          <reporter-output>
          </reporter-output>
        </test-method> <!-- setData -->
        <test-method is-config="true" signature="bm()[pri:0, instance:com.leaftaps.ui.testCases.CreateLeadTestCase@248e319b]" started-at="2023-03-02T15:18:03 CST" name="bm" finished-at="2023-03-02T15:18:08 CST" duration-ms="5015" status="PASS">
          <reporter-output>
          </reporter-output>
        </test-method> <!-- bm -->
        <test-method signature="createLeadTest(java.lang.String,java.lang.String,java.lang.String,java.lang.String,java.lang.String)[pri:0, instance:com.leaftaps.ui.testCases.CreateLeadTestCase@248e319b]" started-at="2023-03-02T15:18:08 CST" name="createLeadTest" data-provider="testData" finished-at="2023-03-02T15:18:25 CST" duration-ms="17240" status="PASS">
          <params>
            <param index="0">
              <value>
                <![CDATA[democsr]]>
              </value>
            </param>
            <param index="1">
              <value>
                <![CDATA[crmsfa]]>
              </value>
            </param>
            <param index="2">
              <value>
                <![CDATA[TL]]>
              </value>
            </param>
            <param index="3">
              <value>
                <![CDATA[Hari]]>
              </value>
            </param>
            <param index="4">
              <value>
                <![CDATA[R]]>
              </value>
            </param>
          </params>
          <reporter-output>
          </reporter-output>
        </test-method> <!-- createLeadTest -->
        <test-method is-config="true" signature="am()[pri:0, instance:com.leaftaps.ui.testCases.CreateLeadTestCase@248e319b]" started-at="2023-03-02T15:18:25 CST" name="am" finished-at="2023-03-02T15:18:25 CST" duration-ms="93" status="PASS">
          <reporter-output>
          </reporter-output>
        </test-method> <!-- am -->
        <test-method is-config="true" signature="bm()[pri:0, instance:com.leaftaps.ui.testCases.CreateLeadTestCase@248e319b]" started-at="2023-03-02T15:18:25 CST" name="bm" finished-at="2023-03-02T15:18:28 CST" duration-ms="2776" status="PASS">
          <reporter-output>
          </reporter-output>
        </test-method> <!-- bm -->
        <test-method signature="createLeadTest(java.lang.String,java.lang.String,java.lang.String,java.lang.String,java.lang.String)[pri:0, instance:com.leaftaps.ui.testCases.CreateLeadTestCase@248e319b]" started-at="2023-03-02T15:18:28 CST" name="createLeadTest" data-provider="testData" finished-at="2023-03-02T15:18:41 CST" duration-ms="13011" status="PASS">
          <params>
            <param index="0">
              <value>
                <![CDATA[democsr]]>
              </value>
            </param>
            <param index="1">
              <value>
                <![CDATA[crmsfa]]>
              </value>
            </param>
            <param index="2">
              <value>
                <![CDATA[TL]]>
              </value>
            </param>
            <param index="3">
              <value>
                <![CDATA[Babu]]>
              </value>
            </param>
            <param index="4">
              <value>
                <![CDATA[M]]>
              </value>
            </param>
          </params>
          <reporter-output>
          </reporter-output>
        </test-method> <!-- createLeadTest -->
        <test-method is-config="true" signature="am()[pri:0, instance:com.leaftaps.ui.testCases.CreateLeadTestCase@248e319b]" started-at="2023-03-02T15:18:41 CST" name="am" finished-at="2023-03-02T15:18:41 CST" duration-ms="96" status="PASS">
          <reporter-output>
          </reporter-output>
        </test-method> <!-- am -->
      </class> <!-- com.leaftaps.ui.testCases.CreateLeadTestCase -->
    </test> <!-- Test -->
  </suite> <!-- Suite -->
</testng-results>
